2024-02-20 16:06:40,947 : ERROR : __main__ : GUI Crash!
Traceback (most recent call last):
  File "C:\Users\shushu\Downloads\IOT_SMART_HOME-main\IOT_SMART_HOME-main\gui.py", line 451, in <module>
    mainwin = MainWindow()
              ^^^^^^^^^^^^
  File "C:\Users\shushu\Downloads\IOT_SMART_HOME-main\IOT_SMART_HOME-main\gui.py", line 438, in __init__
    self.graphsDock = GraphsDock(self.mc)
                      ^^^^^^^^^^^^^^^^^^^
  File "C:\Users\shushu\Downloads\IOT_SMART_HOME-main\IOT_SMART_HOME-main\gui.py", line 197, in __init__
    formLayot.addRow("Sensitivity meter",self.eWaterButton)
                                         ^^^^^^^^^^^^^^^^^
AttributeError: 'GraphsDock' object has no attribute 'eWaterButton'
2024-02-20 16:23:20,091 : ERROR : __main__ : GUI Crash!
Traceback (most recent call last):
  File "C:\Users\shushu\Downloads\IOT_SMART_HOME-main\IOT_SMART_HOME-main\gui.py", line 451, in <module>
    mainwin = MainWindow()
              ^^^^^^^^^^^^
  File "C:\Users\shushu\Downloads\IOT_SMART_HOME-main\IOT_SMART_HOME-main\gui.py", line 438, in __init__
    self.graphsDock = GraphsDock(self.mc)
                      ^^^^^^^^^^^^^^^^^^^
  File "C:\Users\shushu\Downloads\IOT_SMART_HOME-main\IOT_SMART_HOME-main\gui.py", line 197, in __init__
    formLayot.addRow("Sensitivity meter",self.eWaterButton)
                                         ^^^^^^^^^^^^^^^^^
AttributeError: 'GraphsDock' object has no attribute 'eWaterButton'
2024-02-20 16:39:38,142 : ERROR : __main__ : GUI Crash!
Traceback (most recent call last):
  File "C:\Users\shushu\Downloads\IOT_SMART_HOME-main\Nir IOT Tesla project\gui.py", line 451, in <module>
    mainwin = MainWindow()
              ^^^^^^^^^^^^
  File "C:\Users\shushu\Downloads\IOT_SMART_HOME-main\Nir IOT Tesla project\gui.py", line 438, in __init__
    self.graphsDock = GraphsDock(self.mc)
                      ^^^^^^^^^^^^^^^^^^^
  File "C:\Users\shushu\Downloads\IOT_SMART_HOME-main\Nir IOT Tesla project\gui.py", line 197, in __init__
    formLayot.addRow("Sensitivity meter",self.eWaterButton)
                                         ^^^^^^^^^^^^^^^^^
AttributeError: 'GraphsDock' object has no attribute 'eWaterButton'
2024-02-28 13:45:32,764 : ERROR : __main__ : GUI Crash!
Traceback (most recent call last):
  File "C:\Users\shushu\Downloads\IOT_SMART_HOME-main\Nir IOT Tesla project\gui.py", line 451, in <module>
    mainwin = MainWindow()
              ^^^^^^^^^^^^
  File "C:\Users\shushu\Downloads\IOT_SMART_HOME-main\Nir IOT Tesla project\gui.py", line 438, in __init__
    self.graphsDock = GraphsDock(self.mc)
                      ^^^^^^^^^^^^^^^^^^^
  File "C:\Users\shushu\Downloads\IOT_SMART_HOME-main\Nir IOT Tesla project\gui.py", line 197, in __init__
    formLayot.addRow("Sensitivity meter",self.eWaterButton)
                                         ^^^^^^^^^^^^^^^^^
AttributeError: 'GraphsDock' object has no attribute 'eWaterButton'
